<?xml version="1.0" encoding="UTF-8"?>
<!-- Generated by org.testng.reporters.JUnitReportReporter -->
<testsuite skipped="0" hostname="DESKTOP-PK076R5" name="com.google.pom.execution.GmailLoginTest" tests="1" failures="0" timestamp="21 Feb 2019 06:59:02 GMT" time="18.300" errors="0">
  <testcase name="gmailLoginOperation" time="18.300" classname="com.google.pom.execution.GmailLoginTest"/>
</testsuite> <!-- com.google.pom.execution.GmailLoginTest -->
