<?xml version="1.0" encoding="UTF-8"?>
<!-- Generated by org.testng.reporters.JUnitReportReporter -->
<testsuite skipped="0" hostname="TRIPTI-PC" name="com.google.pom.execution.page.factory.GoogleSearchPfTest" tests="1" failures="0" timestamp="24 Feb 2019 06:56:01 GMT" time="17.516" errors="0">
  <testcase name="Search" time="17.516" classname="com.google.pom.execution.page.factory.GoogleSearchPfTest"/>
</testsuite> <!-- com.google.pom.execution.page.factory.GoogleSearchPfTest -->
